mode: set
avito_shop/e2e/buy_token/e2e.go:21.44,23.2 1 0
avito_shop/e2e/buy_token/e2e.go:27.46,29.2 1 0
avito_shop/e2e/buy_token/e2e.go:33.41,35.2 1 0
avito_shop/internal/cmd/main.go:16.13,28.16 3 0
avito_shop/internal/cmd/main.go:28.16,30.3 1 0
avito_shop/internal/cmd/main.go:31.2,46.59 8 0
avito_shop/internal/authentication/hash.go:8.52,10.16 2 1
avito_shop/internal/authentication/hash.go:10.16,12.3 1 1
avito_shop/internal/authentication/hash.go:13.2,13.27 1 1
avito_shop/internal/authentication/hash.go:17.52,20.2 2 1
avito_shop/internal/authentication/jwt.go:21.81,35.2 3 1
avito_shop/internal/authentication/jwt.go:37.37,40.25 2 1
avito_shop/internal/authentication/jwt.go:40.25,42.3 1 1
avito_shop/internal/authentication/jwt.go:44.2,44.12 1 1
avito_shop/internal/handlers/handlers.go:18.58,20.2 1 0
avito_shop/internal/handlers/handlers.go:22.68,25.70 2 0
avito_shop/internal/handlers/handlers.go:25.70,28.3 2 0
avito_shop/internal/handlers/handlers.go:30.2,33.16 3 0
avito_shop/internal/handlers/handlers.go:33.16,36.3 2 0
avito_shop/internal/handlers/handlers.go:38.2,39.37 2 0
avito_shop/internal/handlers/handlers.go:42.71,47.9 4 0
avito_shop/internal/handlers/handlers.go:47.9,50.3 2 0
avito_shop/internal/handlers/handlers.go:52.2,53.16 2 0
avito_shop/internal/handlers/handlers.go:53.16,56.3 2 0
avito_shop/internal/handlers/handlers.go:58.2,58.37 1 0
avito_shop/internal/handlers/handlers.go:61.72,64.65 2 0
avito_shop/internal/handlers/handlers.go:64.65,67.3 2 0
avito_shop/internal/handlers/handlers.go:68.2,71.9 3 0
avito_shop/internal/handlers/handlers.go:71.9,74.3 2 0
avito_shop/internal/handlers/handlers.go:75.2,76.16 2 0
avito_shop/internal/handlers/handlers.go:76.16,79.3 2 0
avito_shop/internal/handlers/handlers.go:81.2,81.37 1 0
avito_shop/internal/handlers/handlers.go:84.68,86.9 2 0
avito_shop/internal/handlers/handlers.go:86.9,89.3 2 0
avito_shop/internal/handlers/handlers.go:90.2,91.16 2 0
avito_shop/internal/handlers/handlers.go:91.16,94.3 2 0
avito_shop/internal/handlers/handlers.go:96.2,99.16 4 0
avito_shop/internal/handlers/handlers.go:99.16,102.3 2 0
avito_shop/internal/handlers/handlers.go:104.2,104.23 1 0
avito_shop/internal/handlers/middleware.go:17.70,18.71 1 0
avito_shop/internal/handlers/middleware.go:18.71,22.23 2 0
avito_shop/internal/handlers/middleware.go:22.23,25.4 2 0
avito_shop/internal/handlers/middleware.go:28.3,29.32 2 0
avito_shop/internal/handlers/middleware.go:29.32,32.4 2 0
avito_shop/internal/handlers/middleware.go:35.3,36.105 2 0
avito_shop/internal/handlers/middleware.go:36.105,37.59 1 0
avito_shop/internal/handlers/middleware.go:37.59,39.5 1 0
avito_shop/internal/handlers/middleware.go:40.4,40.40 1 0
avito_shop/internal/handlers/middleware.go:43.3,43.36 1 0
avito_shop/internal/handlers/middleware.go:43.36,46.4 2 0
avito_shop/internal/handlers/middleware.go:48.3,51.23 3 0
avito_shop/internal/handlers/middleware.go:55.54,58.2 1 0
avito_shop/internal/storage/db.go:37.42,39.2 1 0
avito_shop/internal/storage/db.go:41.74,47.26 3 0
avito_shop/internal/storage/db.go:47.26,48.39 1 0
avito_shop/internal/storage/db.go:48.39,50.4 1 0
avito_shop/internal/storage/db.go:52.3,53.21 2 0
avito_shop/internal/storage/db.go:56.2,57.16 2 0
avito_shop/internal/storage/db.go:57.16,59.3 1 0
avito_shop/internal/storage/db.go:61.2,61.18 1 0
avito_shop/internal/storage/db.go:64.64,67.16 3 0
avito_shop/internal/storage/db.go:67.16,69.3 1 0
avito_shop/internal/storage/db.go:70.2,70.20 1 0
avito_shop/internal/storage/db.go:73.61,75.16 2 0
avito_shop/internal/storage/db.go:75.16,77.3 1 0
avito_shop/internal/storage/db.go:78.2,78.12 1 0
avito_shop/internal/storage/db.go:81.77,84.16 3 0
avito_shop/internal/storage/db.go:84.16,86.3 1 0
avito_shop/internal/storage/db.go:88.2,88.27 1 0
avito_shop/internal/storage/db.go:91.59,93.16 2 0
avito_shop/internal/storage/db.go:93.16,95.3 1 0
avito_shop/internal/storage/db.go:96.2,96.12 1 0
avito_shop/internal/storage/db.go:99.63,106.16 5 0
avito_shop/internal/storage/db.go:106.16,108.3 1 0
avito_shop/internal/storage/db.go:111.2,112.16 2 0
avito_shop/internal/storage/db.go:112.16,114.3 1 0
avito_shop/internal/storage/db.go:117.2,118.16 2 0
avito_shop/internal/storage/db.go:118.16,120.3 1 0
avito_shop/internal/storage/db.go:123.2,127.16 2 0
avito_shop/internal/storage/db.go:127.16,129.3 1 0
avito_shop/internal/storage/db.go:131.2,133.23 2 0
avito_shop/internal/storage/db.go:133.23,135.3 1 0
avito_shop/internal/storage/db.go:138.2,143.16 2 0
avito_shop/internal/storage/db.go:143.16,145.3 1 0
avito_shop/internal/storage/db.go:147.2,147.12 1 0
avito_shop/internal/storage/db.go:150.57,157.16 5 0
avito_shop/internal/storage/db.go:157.16,159.3 1 0
avito_shop/internal/storage/db.go:162.2,162.31 1 0
avito_shop/internal/storage/db.go:162.31,164.3 1 0
avito_shop/internal/storage/db.go:167.2,168.16 2 0
avito_shop/internal/storage/db.go:168.16,170.3 1 0
avito_shop/internal/storage/db.go:173.2,177.16 2 0
avito_shop/internal/storage/db.go:177.16,179.3 1 0
avito_shop/internal/storage/db.go:182.2,186.16 2 0
avito_shop/internal/storage/db.go:186.16,188.3 1 0
avito_shop/internal/storage/db.go:191.2,194.16 2 0
avito_shop/internal/storage/db.go:194.16,196.3 1 0
avito_shop/internal/storage/db.go:198.2,201.16 2 0
avito_shop/internal/storage/db.go:201.16,203.3 1 0
avito_shop/internal/storage/db.go:205.2,205.12 1 0
avito_shop/internal/storage/db.go:208.58,212.16 3 0
avito_shop/internal/storage/db.go:212.16,214.3 1 0
avito_shop/internal/storage/db.go:216.2,216.19 1 0
avito_shop/internal/storage/db.go:219.72,229.16 3 0
avito_shop/internal/storage/db.go:229.16,231.3 1 0
avito_shop/internal/storage/db.go:232.2,235.18 2 0
avito_shop/internal/storage/db.go:235.18,237.63 2 0
avito_shop/internal/storage/db.go:237.63,239.4 1 0
avito_shop/internal/storage/db.go:240.3,240.30 1 0
avito_shop/internal/storage/db.go:244.2,244.35 1 0
avito_shop/internal/storage/db.go:244.35,246.3 1 0
avito_shop/internal/storage/db.go:248.2,248.19 1 0
avito_shop/internal/storage/db.go:251.115,255.16 3 0
avito_shop/internal/storage/db.go:255.16,257.3 1 0
avito_shop/internal/storage/db.go:260.2,261.16 2 0
avito_shop/internal/storage/db.go:261.16,263.3 1 0
avito_shop/internal/storage/db.go:264.2,269.18 3 0
avito_shop/internal/storage/db.go:269.18,273.17 3 0
avito_shop/internal/storage/db.go:273.17,275.4 1 0
avito_shop/internal/storage/db.go:277.3,277.49 1 0
avito_shop/internal/storage/db.go:280.2,280.35 1 0
avito_shop/internal/storage/db.go:280.35,282.3 1 0
avito_shop/internal/storage/db.go:285.2,286.16 2 0
avito_shop/internal/storage/db.go:286.16,288.3 1 0
avito_shop/internal/storage/db.go:289.2,294.26 3 0
avito_shop/internal/storage/db.go:294.26,298.17 3 0
avito_shop/internal/storage/db.go:298.17,300.4 1 0
avito_shop/internal/storage/db.go:302.3,302.57 1 0
avito_shop/internal/storage/db.go:305.2,305.43 1 0
avito_shop/internal/storage/db.go:305.43,307.3 1 0
avito_shop/internal/storage/db.go:309.2,309.52 1 0
avito_shop/internal/storage/db_mock.go:20.59,22.2 1 0
avito_shop/internal/storage/db_mock.go:25.70,28.19 2 0
avito_shop/internal/storage/db_mock.go:28.19,29.49 1 0
avito_shop/internal/storage/db_mock.go:32.2,33.59 2 0
avito_shop/internal/storage/db_mock.go:33.59,35.3 1 0
avito_shop/internal/storage/db_mock.go:35.8,37.3 1 0
avito_shop/internal/storage/db_mock.go:39.2,39.11 1 0
avito_shop/internal/storage/db_mock.go:50.111,52.2 1 0
avito_shop/internal/storage/db_mock.go:54.111,55.40 1 0
avito_shop/internal/storage/db_mock.go:55.40,57.3 1 0
avito_shop/internal/storage/db_mock.go:58.2,58.11 1 0
avito_shop/internal/storage/db_mock.go:61.85,64.2 2 0
avito_shop/internal/storage/db_mock.go:66.112,69.2 2 0
avito_shop/internal/storage/db_mock.go:72.71,75.19 2 0
avito_shop/internal/storage/db_mock.go:75.19,76.55 1 0
avito_shop/internal/storage/db_mock.go:79.2,81.59 3 0
avito_shop/internal/storage/db_mock.go:81.59,83.3 1 0
avito_shop/internal/storage/db_mock.go:84.2,84.50 1 0
avito_shop/internal/storage/db_mock.go:84.50,86.3 1 0
avito_shop/internal/storage/db_mock.go:86.8,88.3 1 0
avito_shop/internal/storage/db_mock.go:90.2,90.51 1 0
avito_shop/internal/storage/db_mock.go:90.51,92.3 1 0
avito_shop/internal/storage/db_mock.go:92.8,94.3 1 0
avito_shop/internal/storage/db_mock.go:96.2,96.15 1 0
avito_shop/internal/storage/db_mock.go:106.105,108.2 1 0
avito_shop/internal/storage/db_mock.go:110.110,111.40 1 0
avito_shop/internal/storage/db_mock.go:111.40,113.3 1 0
avito_shop/internal/storage/db_mock.go:114.2,114.11 1 0
avito_shop/internal/storage/db_mock.go:117.107,120.2 2 0
avito_shop/internal/storage/db_mock.go:122.124,125.2 2 0
avito_shop/internal/storage/db_mock.go:128.65,131.19 2 0
avito_shop/internal/storage/db_mock.go:131.19,132.50 1 0
avito_shop/internal/storage/db_mock.go:135.2,137.58 3 0
avito_shop/internal/storage/db_mock.go:137.58,139.3 1 0
avito_shop/internal/storage/db_mock.go:140.2,140.49 1 0
avito_shop/internal/storage/db_mock.go:140.49,142.3 1 0
avito_shop/internal/storage/db_mock.go:142.8,144.3 1 0
avito_shop/internal/storage/db_mock.go:146.2,146.51 1 0
avito_shop/internal/storage/db_mock.go:146.51,148.3 1 0
avito_shop/internal/storage/db_mock.go:148.8,150.3 1 0
avito_shop/internal/storage/db_mock.go:152.2,152.15 1 0
avito_shop/internal/storage/db_mock.go:162.95,164.2 1 0
avito_shop/internal/storage/db_mock.go:166.100,167.40 1 0
avito_shop/internal/storage/db_mock.go:167.40,169.3 1 0
avito_shop/internal/storage/db_mock.go:170.2,170.11 1 0
avito_shop/internal/storage/db_mock.go:173.96,176.2 2 0
avito_shop/internal/storage/db_mock.go:178.113,181.2 2 0
avito_shop/internal/storage/db_mock.go:184.79,187.19 2 0
avito_shop/internal/storage/db_mock.go:187.19,188.54 1 0
avito_shop/internal/storage/db_mock.go:191.2,193.68 3 0
avito_shop/internal/storage/db_mock.go:193.68,195.3 1 0
avito_shop/internal/storage/db_mock.go:196.2,196.59 1 0
avito_shop/internal/storage/db_mock.go:196.59,198.3 1 0
avito_shop/internal/storage/db_mock.go:198.8,199.24 1 0
avito_shop/internal/storage/db_mock.go:199.24,201.4 1 0
avito_shop/internal/storage/db_mock.go:204.2,204.51 1 0
avito_shop/internal/storage/db_mock.go:204.51,206.3 1 0
avito_shop/internal/storage/db_mock.go:206.8,208.3 1 0
avito_shop/internal/storage/db_mock.go:210.2,210.15 1 0
avito_shop/internal/storage/db_mock.go:220.103,222.2 1 0
avito_shop/internal/storage/db_mock.go:224.108,225.40 1 0
avito_shop/internal/storage/db_mock.go:225.40,227.3 1 0
avito_shop/internal/storage/db_mock.go:228.2,228.11 1 0
avito_shop/internal/storage/db_mock.go:231.114,234.2 2 0
avito_shop/internal/storage/db_mock.go:236.131,239.2 2 0
avito_shop/internal/storage/db_mock.go:242.122,245.19 2 0
avito_shop/internal/storage/db_mock.go:245.19,246.56 1 0
avito_shop/internal/storage/db_mock.go:249.2,252.109 4 0
avito_shop/internal/storage/db_mock.go:252.109,254.3 1 0
avito_shop/internal/storage/db_mock.go:255.2,255.70 1 0
avito_shop/internal/storage/db_mock.go:255.70,257.3 1 0
avito_shop/internal/storage/db_mock.go:257.8,258.24 1 0
avito_shop/internal/storage/db_mock.go:258.24,260.4 1 0
avito_shop/internal/storage/db_mock.go:263.2,263.74 1 0
avito_shop/internal/storage/db_mock.go:263.74,265.3 1 0
avito_shop/internal/storage/db_mock.go:265.8,266.24 1 0
avito_shop/internal/storage/db_mock.go:266.24,268.4 1 0
avito_shop/internal/storage/db_mock.go:271.2,271.51 1 0
avito_shop/internal/storage/db_mock.go:271.51,273.3 1 0
avito_shop/internal/storage/db_mock.go:273.8,275.3 1 0
avito_shop/internal/storage/db_mock.go:277.2,277.19 1 0
avito_shop/internal/storage/db_mock.go:287.107,289.2 1 0
avito_shop/internal/storage/db_mock.go:291.112,292.40 1 0
avito_shop/internal/storage/db_mock.go:292.40,294.3 1 0
avito_shop/internal/storage/db_mock.go:295.2,295.11 1 0
avito_shop/internal/storage/db_mock.go:298.163,301.2 2 0
avito_shop/internal/storage/db_mock.go:303.176,306.2 2 0
avito_shop/internal/storage/db_mock.go:309.84,312.19 2 0
avito_shop/internal/storage/db_mock.go:312.19,313.47 1 0
avito_shop/internal/storage/db_mock.go:316.2,318.80 3 0
avito_shop/internal/storage/db_mock.go:318.80,320.3 1 0
avito_shop/internal/storage/db_mock.go:321.2,321.71 1 0
avito_shop/internal/storage/db_mock.go:321.71,323.3 1 0
avito_shop/internal/storage/db_mock.go:323.8,325.3 1 0
avito_shop/internal/storage/db_mock.go:327.2,327.61 1 0
avito_shop/internal/storage/db_mock.go:327.61,329.3 1 0
avito_shop/internal/storage/db_mock.go:329.8,331.3 1 0
avito_shop/internal/storage/db_mock.go:333.2,333.15 1 0
avito_shop/internal/storage/db_mock.go:343.89,345.2 1 0
avito_shop/internal/storage/db_mock.go:347.104,348.40 1 0
avito_shop/internal/storage/db_mock.go:348.40,350.3 1 0
avito_shop/internal/storage/db_mock.go:351.2,351.11 1 0
avito_shop/internal/storage/db_mock.go:354.102,357.2 2 0
avito_shop/internal/storage/db_mock.go:359.129,362.2 2 0
avito_shop/internal/storage/db_mock.go:365.68,368.19 2 0
avito_shop/internal/storage/db_mock.go:368.19,369.50 1 0
avito_shop/internal/storage/db_mock.go:372.2,373.61 2 0
avito_shop/internal/storage/db_mock.go:373.61,375.3 1 0
avito_shop/internal/storage/db_mock.go:375.8,377.3 1 0
avito_shop/internal/storage/db_mock.go:379.2,379.11 1 0
avito_shop/internal/storage/db_mock.go:389.95,391.2 1 0
avito_shop/internal/storage/db_mock.go:393.110,394.40 1 0
avito_shop/internal/storage/db_mock.go:394.40,396.3 1 0
avito_shop/internal/storage/db_mock.go:397.2,397.11 1 0
avito_shop/internal/storage/db_mock.go:400.87,403.2 2 0
avito_shop/internal/storage/db_mock.go:405.116,408.2 2 0
avito_shop/internal/storage/db_mock.go:411.64,414.19 2 0
avito_shop/internal/storage/db_mock.go:414.19,415.50 1 0
avito_shop/internal/storage/db_mock.go:418.2,419.61 2 0
avito_shop/internal/storage/db_mock.go:419.61,421.3 1 0
avito_shop/internal/storage/db_mock.go:421.8,423.3 1 0
avito_shop/internal/storage/db_mock.go:425.2,425.11 1 0
avito_shop/internal/storage/db_mock.go:435.91,437.2 1 0
avito_shop/internal/storage/db_mock.go:439.106,440.40 1 0
avito_shop/internal/storage/db_mock.go:440.40,442.3 1 0
avito_shop/internal/storage/db_mock.go:443.2,443.11 1 0
avito_shop/internal/storage/db_mock.go:446.87,449.2 2 0
avito_shop/internal/storage/db_mock.go:451.116,454.2 2 0
avito_shop/internal/storage/db_mock.go:457.66,460.19 2 0
avito_shop/internal/storage/db_mock.go:460.19,461.53 1 0
avito_shop/internal/storage/db_mock.go:464.2,465.56 2 0
avito_shop/internal/storage/db_mock.go:465.56,467.3 1 0
avito_shop/internal/storage/db_mock.go:467.8,469.3 1 0
avito_shop/internal/storage/db_mock.go:471.2,471.11 1 0
avito_shop/internal/storage/db_mock.go:482.114,484.2 1 0
avito_shop/internal/storage/db_mock.go:486.111,487.40 1 0
avito_shop/internal/storage/db_mock.go:487.40,489.3 1 0
avito_shop/internal/storage/db_mock.go:490.2,490.11 1 0
avito_shop/internal/storage/db_mock.go:493.93,496.2 2 0
avito_shop/internal/storage/db_mock.go:498.117,501.2 2 0
avito_shop/internal/storage/db_mock.go:508.19,512.19 3 0
avito_shop/internal/storage/db_mock.go:512.19,512.49 1 0
avito_shop/internal/storage/db_mock.go:514.2,514.13 1 0
avito_shop/internal/routes/routes.go:13.64,26.2 8 0
avito_shop/internal/core/core.go:26.47,30.2 1 0
avito_shop/internal/core/core.go:32.103,33.29 1 1
avito_shop/internal/core/core.go:33.29,35.3 1 1
avito_shop/internal/core/core.go:37.2,38.16 2 1
avito_shop/internal/core/core.go:38.16,40.3 1 1
avito_shop/internal/core/core.go:42.2,42.9 1 1
avito_shop/internal/core/core.go:42.9,45.17 2 1
avito_shop/internal/core/core.go:45.17,47.4 1 1
avito_shop/internal/core/core.go:48.3,53.17 4 1
avito_shop/internal/core/core.go:53.17,55.4 1 0
avito_shop/internal/core/core.go:57.3,60.17 3 1
avito_shop/internal/core/core.go:60.17,62.4 1 1
avito_shop/internal/core/core.go:64.3,64.26 1 1
avito_shop/internal/core/core.go:67.2,68.16 2 1
avito_shop/internal/core/core.go:68.16,70.3 1 1
avito_shop/internal/core/core.go:72.2,72.82 1 1
avito_shop/internal/core/core.go:72.82,74.3 1 1
avito_shop/internal/core/core.go:76.2,79.16 3 1
avito_shop/internal/core/core.go:79.16,81.3 1 0
avito_shop/internal/core/core.go:83.2,84.16 2 1
avito_shop/internal/core/core.go:84.16,86.3 1 0
avito_shop/internal/core/core.go:88.2,88.25 1 1
avito_shop/internal/core/core.go:91.84,93.16 2 1
avito_shop/internal/core/core.go:93.16,95.3 1 1
avito_shop/internal/core/core.go:97.2,97.12 1 1
avito_shop/internal/core/core.go:100.95,103.53 2 1
avito_shop/internal/core/core.go:103.53,105.3 1 1
avito_shop/internal/core/core.go:107.2,108.16 2 1
avito_shop/internal/core/core.go:108.16,110.3 1 1
avito_shop/internal/core/core.go:112.2,112.12 1 1
avito_shop/internal/core/core.go:115.91,117.16 2 1
avito_shop/internal/core/core.go:117.16,119.3 1 1
avito_shop/internal/core/core.go:121.2,122.16 2 1
avito_shop/internal/core/core.go:122.16,124.3 1 1
avito_shop/internal/core/core.go:126.2,127.16 2 1
avito_shop/internal/core/core.go:127.16,129.3 1 1
avito_shop/internal/core/core.go:131.2,142.22 6 1
avito_shop/internal/storage/db.go:37.42,39.2 1 0
avito_shop/internal/storage/db.go:41.74,47.26 3 0
avito_shop/internal/storage/db.go:47.26,48.39 1 0
avito_shop/internal/storage/db.go:48.39,50.4 1 0
avito_shop/internal/storage/db.go:52.3,53.21 2 0
avito_shop/internal/storage/db.go:56.2,57.16 2 0
avito_shop/internal/storage/db.go:57.16,59.3 1 0
avito_shop/internal/storage/db.go:61.2,61.18 1 0
avito_shop/internal/storage/db.go:64.64,67.16 3 0
avito_shop/internal/storage/db.go:67.16,69.3 1 0
avito_shop/internal/storage/db.go:70.2,70.20 1 0
avito_shop/internal/storage/db.go:73.61,75.16 2 0
avito_shop/internal/storage/db.go:75.16,77.3 1 0
avito_shop/internal/storage/db.go:78.2,78.12 1 0
avito_shop/internal/storage/db.go:81.77,84.16 3 0
avito_shop/internal/storage/db.go:84.16,86.3 1 0
avito_shop/internal/storage/db.go:88.2,88.27 1 0
avito_shop/internal/storage/db.go:91.59,93.16 2 0
avito_shop/internal/storage/db.go:93.16,95.3 1 0
avito_shop/internal/storage/db.go:96.2,96.12 1 0
avito_shop/internal/storage/db.go:99.63,106.16 5 0
avito_shop/internal/storage/db.go:106.16,108.3 1 0
avito_shop/internal/storage/db.go:111.2,112.16 2 0
avito_shop/internal/storage/db.go:112.16,114.3 1 0
avito_shop/internal/storage/db.go:117.2,118.16 2 0
avito_shop/internal/storage/db.go:118.16,120.3 1 0
avito_shop/internal/storage/db.go:123.2,127.16 2 0
avito_shop/internal/storage/db.go:127.16,129.3 1 0
avito_shop/internal/storage/db.go:131.2,133.23 2 0
avito_shop/internal/storage/db.go:133.23,135.3 1 0
avito_shop/internal/storage/db.go:138.2,143.16 2 0
avito_shop/internal/storage/db.go:143.16,145.3 1 0
avito_shop/internal/storage/db.go:147.2,147.12 1 0
avito_shop/internal/storage/db.go:150.57,157.16 5 0
avito_shop/internal/storage/db.go:157.16,159.3 1 0
avito_shop/internal/storage/db.go:162.2,162.31 1 0
avito_shop/internal/storage/db.go:162.31,164.3 1 0
avito_shop/internal/storage/db.go:167.2,168.16 2 0
avito_shop/internal/storage/db.go:168.16,170.3 1 0
avito_shop/internal/storage/db.go:173.2,177.16 2 0
avito_shop/internal/storage/db.go:177.16,179.3 1 0
avito_shop/internal/storage/db.go:182.2,186.16 2 0
avito_shop/internal/storage/db.go:186.16,188.3 1 0
avito_shop/internal/storage/db.go:191.2,194.16 2 0
avito_shop/internal/storage/db.go:194.16,196.3 1 0
avito_shop/internal/storage/db.go:198.2,201.16 2 0
avito_shop/internal/storage/db.go:201.16,203.3 1 0
avito_shop/internal/storage/db.go:205.2,205.12 1 0
avito_shop/internal/storage/db.go:208.58,212.16 3 0
avito_shop/internal/storage/db.go:212.16,214.3 1 0
avito_shop/internal/storage/db.go:216.2,216.19 1 0
avito_shop/internal/storage/db.go:219.72,229.16 3 0
avito_shop/internal/storage/db.go:229.16,231.3 1 0
avito_shop/internal/storage/db.go:232.2,235.18 2 0
avito_shop/internal/storage/db.go:235.18,237.63 2 0
avito_shop/internal/storage/db.go:237.63,239.4 1 0
avito_shop/internal/storage/db.go:240.3,240.30 1 0
avito_shop/internal/storage/db.go:244.2,244.35 1 0
avito_shop/internal/storage/db.go:244.35,246.3 1 0
avito_shop/internal/storage/db.go:248.2,248.19 1 0
avito_shop/internal/storage/db.go:251.115,255.16 3 0
avito_shop/internal/storage/db.go:255.16,257.3 1 0
avito_shop/internal/storage/db.go:260.2,261.16 2 0
avito_shop/internal/storage/db.go:261.16,263.3 1 0
avito_shop/internal/storage/db.go:264.2,269.18 3 0
avito_shop/internal/storage/db.go:269.18,273.17 3 0
avito_shop/internal/storage/db.go:273.17,275.4 1 0
avito_shop/internal/storage/db.go:277.3,277.49 1 0
avito_shop/internal/storage/db.go:280.2,280.35 1 0
avito_shop/internal/storage/db.go:280.35,282.3 1 0
avito_shop/internal/storage/db.go:285.2,286.16 2 0
avito_shop/internal/storage/db.go:286.16,288.3 1 0
avito_shop/internal/storage/db.go:289.2,294.26 3 0
avito_shop/internal/storage/db.go:294.26,298.17 3 0
avito_shop/internal/storage/db.go:298.17,300.4 1 0
avito_shop/internal/storage/db.go:302.3,302.57 1 0
avito_shop/internal/storage/db.go:305.2,305.43 1 0
avito_shop/internal/storage/db.go:305.43,307.3 1 0
avito_shop/internal/storage/db.go:309.2,309.52 1 0
avito_shop/internal/storage/db_mock.go:20.59,22.2 1 1
avito_shop/internal/storage/db_mock.go:25.70,28.19 2 1
avito_shop/internal/storage/db_mock.go:28.19,29.49 1 0
avito_shop/internal/storage/db_mock.go:32.2,33.59 2 1
avito_shop/internal/storage/db_mock.go:33.59,35.3 1 0
avito_shop/internal/storage/db_mock.go:35.8,37.3 1 1
avito_shop/internal/storage/db_mock.go:39.2,39.11 1 1
avito_shop/internal/storage/db_mock.go:50.111,52.2 1 0
avito_shop/internal/storage/db_mock.go:54.111,55.40 1 0
avito_shop/internal/storage/db_mock.go:55.40,57.3 1 0
avito_shop/internal/storage/db_mock.go:58.2,58.11 1 0
avito_shop/internal/storage/db_mock.go:61.85,64.2 2 0
avito_shop/internal/storage/db_mock.go:66.112,69.2 2 0
avito_shop/internal/storage/db_mock.go:72.71,75.19 2 1
avito_shop/internal/storage/db_mock.go:75.19,76.55 1 0
avito_shop/internal/storage/db_mock.go:79.2,81.59 3 1
avito_shop/internal/storage/db_mock.go:81.59,83.3 1 0
avito_shop/internal/storage/db_mock.go:84.2,84.50 1 1
avito_shop/internal/storage/db_mock.go:84.50,86.3 1 0
avito_shop/internal/storage/db_mock.go:86.8,88.3 1 1
avito_shop/internal/storage/db_mock.go:90.2,90.51 1 1
avito_shop/internal/storage/db_mock.go:90.51,92.3 1 0
avito_shop/internal/storage/db_mock.go:92.8,94.3 1 1
avito_shop/internal/storage/db_mock.go:96.2,96.15 1 1
avito_shop/internal/storage/db_mock.go:106.105,108.2 1 1
avito_shop/internal/storage/db_mock.go:110.110,111.40 1 0
avito_shop/internal/storage/db_mock.go:111.40,113.3 1 0
avito_shop/internal/storage/db_mock.go:114.2,114.11 1 0
avito_shop/internal/storage/db_mock.go:117.107,120.2 2 1
avito_shop/internal/storage/db_mock.go:122.124,125.2 2 0
avito_shop/internal/storage/db_mock.go:128.65,131.19 2 1
avito_shop/internal/storage/db_mock.go:131.19,132.50 1 0
avito_shop/internal/storage/db_mock.go:135.2,137.58 3 1
avito_shop/internal/storage/db_mock.go:137.58,139.3 1 0
avito_shop/internal/storage/db_mock.go:140.2,140.49 1 1
avito_shop/internal/storage/db_mock.go:140.49,142.3 1 0
avito_shop/internal/storage/db_mock.go:142.8,144.3 1 1
avito_shop/internal/storage/db_mock.go:146.2,146.51 1 1
avito_shop/internal/storage/db_mock.go:146.51,148.3 1 0
avito_shop/internal/storage/db_mock.go:148.8,150.3 1 1
avito_shop/internal/storage/db_mock.go:152.2,152.15 1 1
avito_shop/internal/storage/db_mock.go:162.95,164.2 1 1
avito_shop/internal/storage/db_mock.go:166.100,167.40 1 0
avito_shop/internal/storage/db_mock.go:167.40,169.3 1 0
avito_shop/internal/storage/db_mock.go:170.2,170.11 1 0
avito_shop/internal/storage/db_mock.go:173.96,176.2 2 1
avito_shop/internal/storage/db_mock.go:178.113,181.2 2 0
avito_shop/internal/storage/db_mock.go:184.79,187.19 2 1
avito_shop/internal/storage/db_mock.go:187.19,188.54 1 0
avito_shop/internal/storage/db_mock.go:191.2,193.68 3 1
avito_shop/internal/storage/db_mock.go:193.68,195.3 1 0
avito_shop/internal/storage/db_mock.go:196.2,196.59 1 1
avito_shop/internal/storage/db_mock.go:196.59,198.3 1 0
avito_shop/internal/storage/db_mock.go:198.8,199.24 1 1
avito_shop/internal/storage/db_mock.go:199.24,201.4 1 1
avito_shop/internal/storage/db_mock.go:204.2,204.51 1 1
avito_shop/internal/storage/db_mock.go:204.51,206.3 1 0
avito_shop/internal/storage/db_mock.go:206.8,208.3 1 1
avito_shop/internal/storage/db_mock.go:210.2,210.15 1 1
avito_shop/internal/storage/db_mock.go:220.103,222.2 1 1
avito_shop/internal/storage/db_mock.go:224.108,225.40 1 0
avito_shop/internal/storage/db_mock.go:225.40,227.3 1 0
avito_shop/internal/storage/db_mock.go:228.2,228.11 1 0
avito_shop/internal/storage/db_mock.go:231.114,234.2 2 1
avito_shop/internal/storage/db_mock.go:236.131,239.2 2 0
avito_shop/internal/storage/db_mock.go:242.122,245.19 2 1
avito_shop/internal/storage/db_mock.go:245.19,246.56 1 0
avito_shop/internal/storage/db_mock.go:249.2,252.109 4 1
avito_shop/internal/storage/db_mock.go:252.109,254.3 1 0
avito_shop/internal/storage/db_mock.go:255.2,255.70 1 1
avito_shop/internal/storage/db_mock.go:255.70,257.3 1 0
avito_shop/internal/storage/db_mock.go:257.8,258.24 1 1
avito_shop/internal/storage/db_mock.go:258.24,260.4 1 1
avito_shop/internal/storage/db_mock.go:263.2,263.74 1 1
avito_shop/internal/storage/db_mock.go:263.74,265.3 1 0
avito_shop/internal/storage/db_mock.go:265.8,266.24 1 1
avito_shop/internal/storage/db_mock.go:266.24,268.4 1 1
avito_shop/internal/storage/db_mock.go:271.2,271.51 1 1
avito_shop/internal/storage/db_mock.go:271.51,273.3 1 0
avito_shop/internal/storage/db_mock.go:273.8,275.3 1 1
avito_shop/internal/storage/db_mock.go:277.2,277.19 1 1
avito_shop/internal/storage/db_mock.go:287.107,289.2 1 1
avito_shop/internal/storage/db_mock.go:291.112,292.40 1 0
avito_shop/internal/storage/db_mock.go:292.40,294.3 1 0
avito_shop/internal/storage/db_mock.go:295.2,295.11 1 0
avito_shop/internal/storage/db_mock.go:298.163,301.2 2 1
avito_shop/internal/storage/db_mock.go:303.176,306.2 2 0
avito_shop/internal/storage/db_mock.go:309.84,312.19 2 1
avito_shop/internal/storage/db_mock.go:312.19,313.47 1 0
avito_shop/internal/storage/db_mock.go:316.2,318.80 3 1
avito_shop/internal/storage/db_mock.go:318.80,320.3 1 0
avito_shop/internal/storage/db_mock.go:321.2,321.71 1 1
avito_shop/internal/storage/db_mock.go:321.71,323.3 1 0
avito_shop/internal/storage/db_mock.go:323.8,325.3 1 1
avito_shop/internal/storage/db_mock.go:327.2,327.61 1 1
avito_shop/internal/storage/db_mock.go:327.61,329.3 1 0
avito_shop/internal/storage/db_mock.go:329.8,331.3 1 1
avito_shop/internal/storage/db_mock.go:333.2,333.15 1 1
avito_shop/internal/storage/db_mock.go:343.89,345.2 1 1
avito_shop/internal/storage/db_mock.go:347.104,348.40 1 0
avito_shop/internal/storage/db_mock.go:348.40,350.3 1 0
avito_shop/internal/storage/db_mock.go:351.2,351.11 1 0
avito_shop/internal/storage/db_mock.go:354.102,357.2 2 1
avito_shop/internal/storage/db_mock.go:359.129,362.2 2 0
avito_shop/internal/storage/db_mock.go:365.68,368.19 2 1
avito_shop/internal/storage/db_mock.go:368.19,369.50 1 0
avito_shop/internal/storage/db_mock.go:372.2,373.61 2 1
avito_shop/internal/storage/db_mock.go:373.61,375.3 1 0
avito_shop/internal/storage/db_mock.go:375.8,377.3 1 1
avito_shop/internal/storage/db_mock.go:379.2,379.11 1 1
avito_shop/internal/storage/db_mock.go:389.95,391.2 1 1
avito_shop/internal/storage/db_mock.go:393.110,394.40 1 0
avito_shop/internal/storage/db_mock.go:394.40,396.3 1 0
avito_shop/internal/storage/db_mock.go:397.2,397.11 1 0
avito_shop/internal/storage/db_mock.go:400.87,403.2 2 1
avito_shop/internal/storage/db_mock.go:405.116,408.2 2 0
avito_shop/internal/storage/db_mock.go:411.64,414.19 2 1
avito_shop/internal/storage/db_mock.go:414.19,415.50 1 0
avito_shop/internal/storage/db_mock.go:418.2,419.61 2 1
avito_shop/internal/storage/db_mock.go:419.61,421.3 1 0
avito_shop/internal/storage/db_mock.go:421.8,423.3 1 1
avito_shop/internal/storage/db_mock.go:425.2,425.11 1 1
avito_shop/internal/storage/db_mock.go:435.91,437.2 1 1
avito_shop/internal/storage/db_mock.go:439.106,440.40 1 0
avito_shop/internal/storage/db_mock.go:440.40,442.3 1 0
avito_shop/internal/storage/db_mock.go:443.2,443.11 1 0
avito_shop/internal/storage/db_mock.go:446.87,449.2 2 1
avito_shop/internal/storage/db_mock.go:451.116,454.2 2 0
avito_shop/internal/storage/db_mock.go:457.66,460.19 2 1
avito_shop/internal/storage/db_mock.go:460.19,461.53 1 0
avito_shop/internal/storage/db_mock.go:464.2,465.56 2 1
avito_shop/internal/storage/db_mock.go:465.56,467.3 1 0
avito_shop/internal/storage/db_mock.go:467.8,469.3 1 1
avito_shop/internal/storage/db_mock.go:471.2,471.11 1 1
avito_shop/internal/storage/db_mock.go:482.114,484.2 1 1
avito_shop/internal/storage/db_mock.go:486.111,487.40 1 0
avito_shop/internal/storage/db_mock.go:487.40,489.3 1 0
avito_shop/internal/storage/db_mock.go:490.2,490.11 1 0
avito_shop/internal/storage/db_mock.go:493.93,496.2 2 1
avito_shop/internal/storage/db_mock.go:498.117,501.2 2 0
avito_shop/internal/storage/db_mock.go:508.19,512.19 3 1
avito_shop/internal/storage/db_mock.go:512.19,512.49 1 1
avito_shop/internal/storage/db_mock.go:514.2,514.13 1 1
